[12-Nov-2020 10:48:33 UTC] PHP Fatal error:  Uncaught PDOException: SQLSTATE[23000]: Integrity constraint violation: 1048 Column 'email' cannot be null in /mnt/project/PHPdb/insert_email.php:7
Stack trace:
#0 /mnt/project/PHPdb/insert_email.php(7): PDOStatement->execute()
#1 /mnt/project/PHPdb/insert_email.php(14): newsletter(NULL)
#2 {main}
  thrown in /mnt/project/PHPdb/insert_email.php on line 7
[12-Nov-2020 10:51:31 UTC] PHP Parse error:  syntax error, unexpected '}', expecting ';' or ',' in /mnt/project/PHPdb/insert_email.php on line 7
[12-Nov-2020 10:51:41 UTC] PHP Fatal error:  Uncaught PDOException: SQLSTATE[23000]: Integrity constraint violation: 1048 Column 'email' cannot be null in /mnt/project/PHPdb/insert_email.php:16
Stack trace:
#0 /mnt/project/PHPdb/insert_email.php(16): PDOStatement->execute()
#1 /mnt/project/PHPdb/insert_email.php(5): newsletter(NULL)
#2 {main}
  thrown in /mnt/project/PHPdb/insert_email.php on line 16
[12-Nov-2020 10:52:36 UTC] PHP Parse error:  syntax error, unexpected '}', expecting identifier (T_STRING) or variable (T_VARIABLE) or '{' or '$' in /mnt/project/PHPdb/insert_email.php on line 22
[12-Nov-2020 11:05:32 UTC] PHP Warning:  Cannot modify header information - headers already sent by (output started at /mnt/project/PHPdb/insert_email.php:8) in /mnt/project/PHPdb/insert_email.php on line 10
[12-Nov-2020 11:05:40 UTC] PHP Warning:  Cannot modify header information - headers already sent by (output started at /mnt/project/PHPdb/insert_email.php:8) in /mnt/project/PHPdb/insert_email.php on line 10
[12-Nov-2020 11:05:50 UTC] PHP Warning:  Cannot modify header information - headers already sent by (output started at /mnt/project/PHPdb/insert_email.php:8) in /mnt/project/PHPdb/insert_email.php on line 10
[12-Nov-2020 11:06:23 UTC] PHP Warning:  Cannot modify header information - headers already sent by (output started at /mnt/project/PHPdb/insert_email.php:8) in /mnt/project/PHPdb/insert_email.php on line 10
[12-Nov-2020 11:06:34 UTC] PHP Warning:  Cannot modify header information - headers already sent by (output started at /mnt/project/PHPdb/insert_email.php:6) in /mnt/project/PHPdb/insert_email.php on line 8
[12-Nov-2020 11:06:45 UTC] PHP Warning:  Cannot modify header information - headers already sent by (output started at /mnt/project/PHPdb/insert_email.php:4) in /mnt/project/PHPdb/insert_email.php on line 8
[12-Nov-2020 11:06:52 UTC] PHP Warning:  Cannot modify header information - headers already sent by (output started at /mnt/project/PHPdb/insert_email.php:6) in /mnt/project/PHPdb/insert_email.php on line 8
[12-Nov-2020 11:11:31 UTC] PHP Warning:  Cannot modify header information - headers already sent by (output started at /mnt/project/PHPdb/newsletter_registration.php:4) in /mnt/project/PHPdb/newsletter_registration.php on line 8
[12-Nov-2020 11:14:32 UTC] PHP Parse error:  syntax error, unexpected '<', expecting end of file in /mnt/project/PHPdb/newsletter_registration_form.php on line 23
[12-Nov-2020 11:14:40 UTC] PHP Fatal error:  Uncaught Error: Function name must be a string in /mnt/project/PHPdb/newsletter_registration_form.php:20
Stack trace:
#0 {main}
  thrown in /mnt/project/PHPdb/newsletter_registration_form.php on line 20
[12-Nov-2020 11:15:05 UTC] PHP Fatal error:  Uncaught Error: Function name must be a string in /mnt/project/PHPdb/newsletter_registration_form.php:20
Stack trace:
#0 {main}
  thrown in /mnt/project/PHPdb/newsletter_registration_form.php on line 20
[12-Nov-2020 11:16:53 UTC] PHP Fatal error:  Uncaught Error: Function name must be a string in /mnt/project/PHPdb/newsletter_registration_form.php:20
Stack trace:
#0 {main}
  thrown in /mnt/project/PHPdb/newsletter_registration_form.php on line 20
[12-Nov-2020 11:18:13 UTC] PHP Fatal error:  Uncaught Error: Function name must be a string in /mnt/project/PHPdb/newsletter_registration_form.php:20
Stack trace:
#0 {main}
  thrown in /mnt/project/PHPdb/newsletter_registration_form.php on line 20
[12-Nov-2020 11:18:48 UTC] PHP Fatal error:  Uncaught Error: Function name must be a string in /mnt/project/PHPdb/newsletter_registration_form.php:20
Stack trace:
#0 {main}
  thrown in /mnt/project/PHPdb/newsletter_registration_form.php on line 20
[12-Nov-2020 11:19:00 UTC] PHP Fatal error:  Uncaught Error: Function name must be a string in /mnt/project/PHPdb/newsletter_registration_form.php:20
Stack trace:
#0 {main}
  thrown in /mnt/project/PHPdb/newsletter_registration_form.php on line 20
[12-Nov-2020 11:19:29 UTC] PHP Fatal error:  Uncaught Error: Function name must be a string in /mnt/project/PHPdb/newsletter_registration_form.php:20
Stack trace:
#0 {main}
  thrown in /mnt/project/PHPdb/newsletter_registration_form.php on line 20
[12-Nov-2020 11:19:56 UTC] PHP Warning:  Cannot modify header information - headers already sent by (output started at /mnt/project/PHPdb/newsletter_registration.php:6) in /mnt/project/PHPdb/newsletter_registration.php on line 8
[12-Nov-2020 11:20:54 UTC] PHP Fatal error:  Uncaught Error: Function name must be a string in /mnt/project/PHPdb/newsletter_registration_form.php:20
Stack trace:
#0 {main}
  thrown in /mnt/project/PHPdb/newsletter_registration_form.php on line 20
[12-Nov-2020 11:21:31 UTC] PHP Warning:  Cannot modify header information - headers already sent by (output started at /mnt/project/PHPdb/newsletter_registration.php:4) in /mnt/project/PHPdb/newsletter_registration.php on line 15
[12-Nov-2020 11:22:17 UTC] PHP Warning:  Cannot modify header information - headers already sent by (output started at /mnt/project/PHPdb/newsletter_registration.php:6) in /mnt/project/PHPdb/newsletter_registration.php on line 8
[12-Nov-2020 11:24:30 UTC] PHP Warning:  Cannot modify header information - headers already sent by (output started at /mnt/project/PHPdb/newsletter_registration.php:6) in /mnt/project/PHPdb/header_redirect.php on line 2
[12-Nov-2020 11:29:02 UTC] PHP Parse error:  syntax error, unexpected '}', expecting ';' or ',' in /mnt/project/PHPdb/newsletter_registration.php on line 9
[12-Nov-2020 11:36:00 UTC] PHP Fatal error:  Cannot use temporary expression in write context in /mnt/project/PHPdb/newsletter_registration.php on line 11
[12-Nov-2020 11:36:16 UTC] PHP Fatal error:  Cannot use temporary expression in write context in /mnt/project/PHPdb/newsletter_registration.php on line 11
[12-Nov-2020 11:36:27 UTC] PHP Fatal error:  Cannot use temporary expression in write context in /mnt/project/PHPdb/newsletter_registration.php on line 11
[12-Nov-2020 11:36:58 UTC] PHP Fatal error:  Cannot use temporary expression in write context in /mnt/project/PHPdb/newsletter_registration.php on line 11
[12-Nov-2020 11:37:04 UTC] PHP Fatal error:  Cannot use temporary expression in write context in /mnt/project/PHPdb/newsletter_registration.php on line 11
[12-Nov-2020 11:37:35 UTC] PHP Fatal error:  Cannot use temporary expression in write context in /mnt/project/PHPdb/newsletter_registration.php on line 11
[12-Nov-2020 11:38:13 UTC] PHP Fatal error:  Cannot use temporary expression in write context in /mnt/project/PHPdb/newsletter_registration.php on line 11
[12-Nov-2020 11:38:33 UTC] PHP Fatal error:  Cannot use temporary expression in write context in /mnt/project/PHPdb/newsletter_registration.php on line 11
[12-Nov-2020 11:38:41 UTC] PHP Fatal error:  Cannot use temporary expression in write context in /mnt/project/PHPdb/newsletter_registration.php on line 11
[12-Nov-2020 11:38:57 UTC] PHP Fatal error:  Cannot use temporary expression in write context in /mnt/project/PHPdb/newsletter_registration.php on line 12
[12-Nov-2020 11:39:00 UTC] PHP Fatal error:  Cannot use temporary expression in write context in /mnt/project/PHPdb/newsletter_registration.php on line 12
[12-Nov-2020 11:39:32 UTC] PHP Fatal error:  Cannot use temporary expression in write context in /mnt/project/PHPdb/newsletter_registration.php on line 12
[12-Nov-2020 11:39:35 UTC] PHP Fatal error:  Cannot use temporary expression in write context in /mnt/project/PHPdb/newsletter_registration.php on line 12
[12-Nov-2020 11:39:44 UTC] PHP Fatal error:  Cannot use temporary expression in write context in /mnt/project/PHPdb/newsletter_registration.php on line 10
[12-Nov-2020 11:39:59 UTC] PHP Fatal error:  Cannot use temporary expression in write context in /mnt/project/PHPdb/newsletter_registration.php on line 13
[12-Nov-2020 11:40:07 UTC] PHP Fatal error:  Cannot use temporary expression in write context in /mnt/project/PHPdb/newsletter_registration.php on line 14
[12-Nov-2020 11:40:55 UTC] PHP Warning:  Use of undefined constant messages - assumed 'messages' (this will throw an Error in a future version of PHP) in /mnt/project/PHPdb/newsletter_registration.php on line 20
[12-Nov-2020 11:42:27 UTC] PHP Parse error:  syntax error, unexpected 'else' (T_ELSE) in /mnt/project/PHPdb/newsletter_registration.php on line 19
